app/mapping.txt
com.livae.ff.app.Analytics -> com.livae.ff.app.a:
    void screen(java.lang.String) -> a
    void screen(com.google.android.gms.analytics.Tracker,java.lang.String) -> a
    void event(java.lang.String,java.lang.String,java.lang.String) -> a
    void event(java.lang.String,java.lang.String) -> a
    void event(com.google.android.gms.analytics.Tracker,java.lang.String,java.lang.String,java.lang.String,java.lang.Long) -> a
    void logAndReport(java.lang.Throwable) -> a
    void logAndReport(java.lang.Throwable,boolean) -> a
    void logAndReport(java.lang.String,boolean) -> a
    void logAndReport(com.google.android.gms.analytics.Tracker,java.lang.Throwable,boolean) -> a
    void logAndReport(com.google.android.gms.analytics.Tracker,java.lang.String,boolean) -> a
    java.lang.String getExceptionMessage(java.lang.Throwable) -> b
    java.lang.String getMessage(java.lang.StackTraceElement) -> a
com.livae.ff.app.AppUser -> com.livae.ff.app.b:
    java.lang.Integer appVersion -> a
    java.lang.String cloudMessagesId -> b
    java.lang.String accessToken -> c
    java.lang.Long blockedForthRightChats -> d
    java.lang.Long userPhone -> e
    com.livae.ff.common.Constants$Profile profile -> f
    android.content.SharedPreferences prefs -> g
    com.livae.ff.app.settings.Notifications notifications -> h
    com.livae.ff.app.settings.Chats chats -> i
    void load(android.content.Context) -> a
    java.lang.Integer getAppVersion() -> a
    void setAppVersion(java.lang.Integer) -> a
    java.lang.String getAccessToken() -> b
    void setAccessToken(java.lang.String) -> a
    java.lang.Long getBlockedForthRightChats() -> c
    void setBlockedForthRightChats(java.lang.Long) -> a
    java.lang.Long getUserPhone() -> d
    void setUserPhone(java.lang.Long) -> b
    boolean isDeviceConnected() -> e
    com.livae.ff.common.Constants$Profile getProfile() -> f
    void setProfile(java.lang.String) -> b
    void setProfile(com.livae.ff.common.Constants$Profile) -> a
    java.lang.String getCloudMessagesId() -> g
    void setCloudMessagesId(java.lang.String) -> c
    com.livae.ff.app.settings.Notifications getNotifications() -> h
    com.livae.ff.app.settings.Chats getChats() -> i
    java.lang.String toString() -> toString
com.livae.ff.app.Application -> com.livae.ff.app.Application:
    com.livae.ff.app.Application instance -> a
    com.livae.ff.app.AppUser appUser -> b
    com.livae.ff.app.api.Model model -> c
    java.util.HashMap trackers -> d
    boolean admin -> e
    boolean seeAdmin -> f
    com.livae.ff.app.AppUser appUser() -> a
    android.content.Context getContext() -> b
    java.lang.String getProperty(int) -> a
    com.livae.ff.app.api.Model model() -> c
    com.google.android.gms.analytics.Tracker getGoogleTracker() -> d
    com.google.android.gms.analytics.Tracker getGoogleTracker(com.livae.ff.app.Application$TrackerName) -> a
    void setAdmin() -> e
    void onCreate() -> onCreate
com.livae.ff.app.Application$1 -> com.livae.ff.app.c:
    com.livae.ff.app.Application this$0 -> a
    void onComplete(com.livae.ff.app.async.CustomAsyncTask,java.lang.Void,java.lang.Void) -> a
    void onError(com.livae.ff.app.async.CustomAsyncTask,java.lang.Void,java.lang.Exception) -> a
    void onError(com.livae.ff.app.async.CustomAsyncTask,java.lang.Object,java.lang.Exception) -> a
    void onComplete(com.livae.ff.app.async.CustomAsyncTask,java.lang.Object,java.lang.Object) -> a
com.livae.ff.app.Application$TrackerName -> com.livae.ff.app.d:
    com.livae.ff.app.Application$TrackerName APP_TRACKER -> a
    int xml -> b
    com.livae.ff.app.Application$TrackerName[] $VALUES -> c
    com.livae.ff.app.Application$TrackerName[] values() -> values
    com.livae.ff.app.Application$TrackerName valueOf(java.lang.String) -> valueOf
    int getXml() -> a
com.livae.ff.app.Constants -> com.livae.ff.app.e:
...
android.support.v4.content.Loader -> android.support.v4.b.p:
    int mId -> m
    android.support.v4.content.Loader$OnLoadCompleteListener mListener -> n
    android.content.Context mContext -> o
    boolean mStarted -> p
    boolean mAbandoned -> q
    boolean mReset -> r
    boolean mContentChanged -> s
    boolean mProcessingChange -> t
    void deliverResult(java.lang.Object) -> b
    android.content.Context getContext() -> j
    int getId() -> k
    void registerListener(int,android.support.v4.content.Loader$OnLoadCompleteListener) -> a
    void unregisterListener(android.support.v4.content.Loader$OnLoadCompleteListener) -> a
    boolean isStarted() -> l
    boolean isAbandoned() -> m
    boolean isReset() -> n
    void startLoading() -> o
    void onStartLoading() -> g
    void forceLoad() -> p
    void onForceLoad() -> a
    void stopLoading() -> q
    void onStopLoading() -> h
    void abandon() -> r
    void onAbandon() -> s
    void reset() -> t
    void onReset() -> i
    boolean takeContentChanged() -> u
    void commitContentChanged() -> v
    void rollbackContentChanged() -> w
    void onContentChanged() -> x
    java.lang.String dataToString(java.lang.Object) -> c
    java.lang.String toString() -> toString
    void dump(java.lang.String,java.io.FileDescriptor,java.io.PrintWriter,java.lang.String[]) -> a
android.support.v4.content.Loader$ForceLoadContentObserver -> android.support.v4.b.q:
    android.support.v4.content.Loader this$0 -> a
    boolean deliverSelfNotifications() -> deliverSelfNotifications
    void onChange(boolean) -> onChange
android.support.v4.content.Loader$OnLoadCompleteListener -> android.support.v4.b.r:
    void onLoadComplete(android.support.v4.content.Loader,java.lang.Object) -> onLoadComplete
android.support.v4.content.ModernAsyncTask -> android.support.v4.b.s:
    java.util.concurrent.ThreadFactory sThreadFactory -> a
    java.util.concurrent.BlockingQueue sPoolWorkQueue -> b
    java.util.concurrent.Executor THREAD_POOL_EXECUTOR -> d
    android.support.v4.content.ModernAsyncTask$InternalHandler sHandler -> c
    java.util.concurrent.Executor sDefaultExecutor -> e
    android.support.v4.content.ModernAsyncTask$WorkerRunnable mWorker -> f
    java.util.concurrent.FutureTask mFuture -> g
    android.support.v4.content.ModernAsyncTask$Status mStatus -> h
    java.util.concurrent.atomic.AtomicBoolean mTaskInvoked -> i
    void postResultIfNotInvoked(java.lang.Object) -> c
    java.lang.Object postResult(java.lang.Object) -> d
    java.lang.Object doInBackground(java.lang.Object[]) -> a
    void onPreExecute() -> b
    void onPostExecute(java.lang.Object) -> a
    void onProgressUpdate(java.lang.Object[]) -> b
    void onCancelled(java.lang.Object) -> b
    void onCancelled() -> a
    boolean isCancelled() -> c
    boolean cancel(boolean) -> a
    android.support.v4.content.ModernAsyncTask executeOnExecutor(java.util.concurrent.Executor,java.lang.Object[]) -> a
    void finish(java.lang.Object) -> e
    java.util.concurrent.atomic.AtomicBoolean access$200(android.support.v4.content.ModernAsyncTask) -> a
    java.lang.Object access$300(android.support.v4.content.ModernAsyncTask,java.lang.Object) -> a
android.support.v4.content.ModernAsyncTask$1 -> android.support.v4.b.t:
    java.util.concurrent.atomic.AtomicInteger mCount -> a
    java.lang.Thread newThread(java.lang.Runnable) -> newThread
android.support.v4.content.ModernAsyncTask$2 -> android.support.v4.b.u:
    android.support.v4.content.ModernAsyncTask this$0 -> a
    java.lang.Object call() -> call
android.support.v4.content.ModernAsyncTask$3 -> android.support.v4.b.v:
    android.support.v4.content.ModernAsyncTask this$0 -> a
    void done() -> done
android.support.v4.content.ModernAsyncTask$4 -> android.support.v4.b.w:
    int[] $SwitchMap$android$support$v4$content$ModernAsyncTask$Status -> a